This is pdfTeX, Version 3.14159265-2.6-1.40.21 (TeX Live 2020/W32TeX) (preloaded format=pdflatex 2021.2.13)  28 OCT 2021 22:37
entering extended mode
 restricted \write18 enabled.
 file:line:error style messages enabled.
 %&-line parsing enabled.
**c:/Users/Yaghoub/Documents/GitHub/ComputationalPhysics-Fall2021/ProblemSet4/TEXfiles/report.tex
(c:/Users/Yaghoub/Documents/GitHub/ComputationalPhysics-Fall2021/ProblemSet4/TEXfiles/report.tex
LaTeX2e <2020-10-01> patch level 4
L3 programming layer <2021-02-06> (c:/texlive/2020/texmf-dist/tex/latex/base/article.cls
Document Class: article 2020/04/10 v1.4m Standard LaTeX document class
(c:/texlive/2020/texmf-dist/tex/latex/base/size10.clo
File: size10.clo 2020/04/10 v1.4m Standard LaTeX file (size option)
)
\c@part=\count177
\c@section=\count178
\c@subsection=\count179
\c@subsubsection=\count180
\c@paragraph=\count181
\c@subparagraph=\count182
\c@figure=\count183
\c@table=\count184
\abovecaptionskip=\skip47
\belowcaptionskip=\skip48
\bibindent=\dimen138
) (c:/texlive/2020/texmf-dist/tex/latex/placeins/placeins.sty
Package: placeins 2005/04/18  v 2.2
) (c:/texlive/2020/texmf-dist/tex/latex/graphics/graphicx.sty
Package: graphicx 2020/09/09 v1.2b Enhanced LaTeX Graphics (DPC,SPQR)
 (c:/texlive/2020/texmf-dist/tex/latex/graphics/keyval.sty
Package: keyval 2014/10/28 v1.15 key=value parser (DPC)
\KV@toks@=\toks15
) (c:/texlive/2020/texmf-dist/tex/latex/graphics/graphics.sty
Package: graphics 2020/08/30 v1.4c Standard LaTeX Graphics (DPC,SPQR)
 (c:/texlive/2020/texmf-dist/tex/latex/graphics/trig.sty
Package: trig 2016/01/03 v1.10 sin cos tan (DPC)
) (c:/texlive/2020/texmf-dist/tex/latex/graphics-cfg/graphics.cfg
File: graphics.cfg 2016/06/04 v1.11 sample graphics configuration
)
Package graphics Info: Driver file: pdftex.def on input line 105.
 (c:/texlive/2020/texmf-dist/tex/latex/graphics-def/pdftex.def
File: pdftex.def 2020/10/05 v1.2a Graphics/color driver for pdftex
))
\Gin@req@height=\dimen139
\Gin@req@width=\dimen140
) (c:/texlive/2020/texmf-dist/tex/latex/wrapfig/wrapfig.sty
\wrapoverhang=\dimen141
\WF@size=\dimen142
\c@WF@wrappedlines=\count185
\WF@box=\box47
\WF@everypar=\toks16
Package: wrapfig 2003/01/31  v 3.6
) (c:/texlive/2020/texmf-dist/tex/latex/hyperref/hyperref.sty
Package: hyperref 2021-02-08 v7.00i Hypertext links for LaTeX
 (c:/texlive/2020/texmf-dist/tex/generic/ltxcmds/ltxcmds.sty
Package: ltxcmds 2020-05-10 v1.25 LaTeX kernel commands for general use (HO)
) (c:/texlive/2020/texmf-dist/tex/generic/iftex/iftex.sty
Package: iftex 2020/03/06 v1.0d TeX engine tests
) (c:/texlive/2020/texmf-dist/tex/generic/pdftexcmds/pdftexcmds.sty
Package: pdftexcmds 2020-06-27 v0.33 Utility functions of pdfTeX for LuaTeX (HO)
 (c:/texlive/2020/texmf-dist/tex/generic/infwarerr/infwarerr.sty
Package: infwarerr 2019/12/03 v1.5 Providing info/warning/error messages (HO)
)
Package pdftexcmds Info: \pdf@primitive is available.
Package pdftexcmds Info: \pdf@ifprimitive is available.
Package pdftexcmds Info: \pdfdraftmode found.
) (c:/texlive/2020/texmf-dist/tex/generic/kvsetkeys/kvsetkeys.sty
Package: kvsetkeys 2019/12/15 v1.18 Key value parser (HO)
) (c:/texlive/2020/texmf-dist/tex/generic/kvdefinekeys/kvdefinekeys.sty
Package: kvdefinekeys 2019-12-19 v1.6 Define keys (HO)
) (c:/texlive/2020/texmf-dist/tex/generic/pdfescape/pdfescape.sty
Package: pdfescape 2019/12/09 v1.15 Implements pdfTeX's escape features (HO)
) (c:/texlive/2020/texmf-dist/tex/latex/hycolor/hycolor.sty
Package: hycolor 2020-01-27 v1.10 Color options for hyperref/bookmark (HO)
) (c:/texlive/2020/texmf-dist/tex/latex/letltxmacro/letltxmacro.sty
Package: letltxmacro 2019/12/03 v1.6 Let assignment for LaTeX macros (HO)
) (c:/texlive/2020/texmf-dist/tex/latex/auxhook/auxhook.sty
Package: auxhook 2019-12-17 v1.6 Hooks for auxiliary files (HO)
) (c:/texlive/2020/texmf-dist/tex/latex/kvoptions/kvoptions.sty
Package: kvoptions 2020-10-07 v3.14 Key value format for package options (HO)
)
\@linkdim=\dimen143
\Hy@linkcounter=\count186
\Hy@pagecounter=\count187
 (c:/texlive/2020/texmf-dist/tex/latex/hyperref/pd1enc.def
File: pd1enc.def 2021-02-08 v7.00i Hyperref: PDFDocEncoding definition (HO)
Now handling font encoding PD1 ...
... no UTF-8 mapping file for font encoding PD1
) (c:/texlive/2020/texmf-dist/tex/latex/hyperref/hyperref-langpatches.def
File: hyperref-langpatches.def 2021-02-08 v7.00i Hyperref: patches for babel languages
) (c:/texlive/2020/texmf-dist/tex/generic/intcalc/intcalc.sty
Package: intcalc 2019/12/15 v1.3 Expandable calculations with integers (HO)
) (c:/texlive/2020/texmf-dist/tex/generic/etexcmds/etexcmds.sty
Package: etexcmds 2019/12/15 v1.7 Avoid name clashes with e-TeX commands (HO)
)
\Hy@SavedSpaceFactor=\count188
 (c:/texlive/2020/texmf-dist/tex/latex/hyperref/puenc.def
File: puenc.def 2021-02-08 v7.00i Hyperref: PDF Unicode definition (HO)
Now handling font encoding PU ...
... no UTF-8 mapping file for font encoding PU
)
Package hyperref Info: Hyper figures OFF on input line 4180.
Package hyperref Info: Link nesting OFF on input line 4185.
Package hyperref Info: Hyper index ON on input line 4188.
Package hyperref Info: Plain pages OFF on input line 4195.
Package hyperref Info: Backreferencing OFF on input line 4200.
Package hyperref Info: Implicit mode ON; LaTeX internals redefined.
Package hyperref Info: Bookmarks ON on input line 4433.
\c@Hy@tempcnt=\count189
 (c:/texlive/2020/texmf-dist/tex/latex/url/url.sty
\Urlmuskip=\muskip16
Package: url 2013/09/16  ver 3.4  Verb mode for urls, etc.
)
LaTeX Info: Redefining \url on input line 4792.
\XeTeXLinkMargin=\dimen144
 (c:/texlive/2020/texmf-dist/tex/generic/bitset/bitset.sty
Package: bitset 2019/12/09 v1.3 Handle bit-vector datatype (HO)
 (c:/texlive/2020/texmf-dist/tex/generic/bigintcalc/bigintcalc.sty
Package: bigintcalc 2019/12/15 v1.5 Expandable calculations on big integers (HO)
))
\Fld@menulength=\count190
\Field@Width=\dimen145
\Fld@charsize=\dimen146
Package hyperref Info: Hyper figures OFF on input line 6063.
Package hyperref Info: Link nesting OFF on input line 6068.
Package hyperref Info: Hyper index ON on input line 6071.
Package hyperref Info: backreferencing OFF on input line 6078.
Package hyperref Info: Link coloring OFF on input line 6083.
Package hyperref Info: Link coloring with OCG OFF on input line 6088.
Package hyperref Info: PDF/A mode OFF on input line 6093.
LaTeX Info: Redefining \ref on input line 6133.
LaTeX Info: Redefining \pageref on input line 6137.
 (c:/texlive/2020/texmf-dist/tex/latex/base/atbegshi-ltx.sty
Package: atbegshi-ltx 2020/08/17 v1.0a Emulation of the original atbegshi package
with kernel methods
)
\Hy@abspage=\count191
\c@Item=\count192
\c@Hfootnote=\count193
)
Package hyperref Info: Driver (autodetected): hpdftex.
 (c:/texlive/2020/texmf-dist/tex/latex/hyperref/hpdftex.def
File: hpdftex.def 2021-02-08 v7.00i Hyperref driver for pdfTeX
 (c:/texlive/2020/texmf-dist/tex/latex/base/atveryend-ltx.sty
Package: atveryend-ltx 2020/08/19 v1.0a Emulation of the original atvery package
with kernel methods
)
\Fld@listcount=\count194
\c@bookmark@seq@number=\count195
 (c:/texlive/2020/texmf-dist/tex/latex/rerunfilecheck/rerunfilecheck.sty
Package: rerunfilecheck 2019/12/05 v1.9 Rerun checks for auxiliary files (HO)
 (c:/texlive/2020/texmf-dist/tex/generic/uniquecounter/uniquecounter.sty
Package: uniquecounter 2019/12/15 v1.4 Provide unlimited unique counter (HO)
)
Package uniquecounter Info: New unique counter `rerunfilecheck' on input line 286.
)
\Hy@SectionHShift=\skip49
)
Package hyperref Info: Option `colorlinks' set `true' on input line 14.
 (c:/texlive/2020/texmf-dist/tex/latex/l3backend/l3backend-pdftex.def
File: l3backend-pdftex.def 2021-02-06 L3 backend support: PDF output (pdfTeX)
\l__color_backend_stack_int=\count196
\l__pdf_internal_box=\box48
) (c:/Users/Yaghoub/Documents/GitHub/ComputationalPhysics-Fall2021/ProblemSet4/TEXfiles/report.aux)
\openout1 = `report.aux'.

LaTeX Font Info:    Checking defaults for OML/cmm/m/it on input line 21.
LaTeX Font Info:    ... okay on input line 21.
LaTeX Font Info:    Checking defaults for OMS/cmsy/m/n on input line 21.
LaTeX Font Info:    ... okay on input line 21.
LaTeX Font Info:    Checking defaults for OT1/cmr/m/n on input line 21.
LaTeX Font Info:    ... okay on input line 21.
LaTeX Font Info:    Checking defaults for T1/cmr/m/n on input line 21.
LaTeX Font Info:    ... okay on input line 21.
LaTeX Font Info:    Checking defaults for TS1/cmr/m/n on input line 21.
LaTeX Font Info:    ... okay on input line 21.
LaTeX Font Info:    Checking defaults for OMX/cmex/m/n on input line 21.
LaTeX Font Info:    ... okay on input line 21.
LaTeX Font Info:    Checking defaults for U/cmr/m/n on input line 21.
LaTeX Font Info:    ... okay on input line 21.
LaTeX Font Info:    Checking defaults for PD1/pdf/m/n on input line 21.
LaTeX Font Info:    ... okay on input line 21.
LaTeX Font Info:    Checking defaults for PU/pdf/m/n on input line 21.
LaTeX Font Info:    ... okay on input line 21.
 (c:/texlive/2020/texmf-dist/tex/context/base/mkii/supp-pdf.mkii
[Loading MPS to PDF converter (version 2006.09.02).]
\scratchcounter=\count197
\scratchdimen=\dimen147
\scratchbox=\box49
\nofMPsegments=\count198
\nofMParguments=\count199
\everyMPshowfont=\toks17
\MPscratchCnt=\count266
\MPscratchDim=\dimen148
\MPnumerator=\count267
\makeMPintoPDFobject=\count268
\everyMPtoPDFconversion=\toks18
) (c:/texlive/2020/texmf-dist/tex/latex/epstopdf-pkg/epstopdf-base.sty
Package: epstopdf-base 2020-01-24 v2.11 Base part for package epstopdf
Package epstopdf-base Info: Redefining graphics rule for `.eps' on input line 485.
 (c:/texlive/2020/texmf-dist/tex/latex/latexconfig/epstopdf-sys.cfg
File: epstopdf-sys.cfg 2010/07/13 v1.3 Configuration of (r)epstopdf for TeX Live
)) (c:/texlive/2020/texmf-dist/tex/latex/graphics/color.sty
Package: color 2020/02/24 v1.2b Standard LaTeX Color (DPC)
 (c:/texlive/2020/texmf-dist/tex/latex/graphics-cfg/color.cfg
File: color.cfg 2016/01/02 v1.6 sample color configuration
)
Package color Info: Driver file: pdftex.def on input line 147.
)
Package hyperref Info: Link coloring ON on input line 21.
 (c:/texlive/2020/texmf-dist/tex/latex/hyperref/nameref.sty
Package: nameref 2021-04-02 v2.47 Cross-referencing by name of section
 (c:/texlive/2020/texmf-dist/tex/latex/refcount/refcount.sty
Package: refcount 2019/12/15 v3.6 Data extraction from label references (HO)
) (c:/texlive/2020/texmf-dist/tex/generic/gettitlestring/gettitlestring.sty
Package: gettitlestring 2019/12/15 v1.6 Cleanup title references (HO)
)
\c@section@level=\count269
)
LaTeX Info: Redefining \ref on input line 21.
LaTeX Info: Redefining \pageref on input line 21.
LaTeX Info: Redefining \nameref on input line 21.
 (c:/Users/Yaghoub/Documents/GitHub/ComputationalPhysics-Fall2021/ProblemSet4/TEXfiles/report.out) (c:/Users/Yaghoub/Documents/GitHub/ComputationalPhysics-Fall2021/ProblemSet4/TEXfiles/report.out)
\@outlinefile=\write3
\openout3 = `report.out'.

LaTeX Font Info:    External font `cmex10' loaded for size
(Font)              <12> on input line 23.
LaTeX Font Info:    External font `cmex10' loaded for size
(Font)              <8> on input line 23.
LaTeX Font Info:    External font `cmex10' loaded for size
(Font)              <6> on input line 23.
<../Figs///Q1/dim10-10000.pdf, id=4, 602.25pt x 401.5pt>
File: ../Figs///Q1/dim10-10000.pdf Graphic file (type pdf)
<use ../Figs///Q1/dim10-10000.pdf>
Package pdftex.def Info: ../Figs///Q1/dim10-10000.pdf  used on input line 33.
(pdftex.def)             Requested size: 165.61465pt x 110.40977pt.
<../Figs///Q1/dim100-10000.pdf, id=5, 602.25pt x 401.5pt>
File: ../Figs///Q1/dim100-10000.pdf Graphic file (type pdf)
<use ../Figs///Q1/dim100-10000.pdf>
Package pdftex.def Info: ../Figs///Q1/dim100-10000.pdf  used on input line 35.
(pdftex.def)             Requested size: 165.61465pt x 110.40977pt.
<../Figs///Q1/dim200-10000.pdf, id=6, 602.25pt x 401.5pt>
File: ../Figs///Q1/dim200-10000.pdf Graphic file (type pdf)
<use ../Figs///Q1/dim200-10000.pdf>
Package pdftex.def Info: ../Figs///Q1/dim200-10000.pdf  used on input line 37.
(pdftex.def)             Requested size: 240.89572pt x 160.59715pt.
LaTeX Font Info:    External font `cmex10' loaded for size
(Font)              <7> on input line 39.
LaTeX Font Info:    External font `cmex10' loaded for size
(Font)              <5> on input line 39.
 [1

{c:/texlive/2020/texmf-var/fonts/map/pdftex/updmap/pdftex.map} <c:/Users/Yaghoub/Documents/GitHub/ComputationalPhysics-Fall2021/ProblemSet4/TEXfiles/../Figs///Q1/dim10-10000.pdf> <c:/Users/Yaghoub/Documents/GitHub/ComputationalPhysics-Fall2021/ProblemSet4/TEXfiles/../Figs///Q1/dim100-10000.pdf> <c:/Users/Yaghoub/Documents/GitHub/ComputationalPhysics-Fall2021/ProblemSet4/TEXfiles/../Figs///Q1/dim200-10000.pdf>]
<../Figs///Q2/CL.pdf, id=24, 1204.5pt x 752.8125pt>
File: ../Figs///Q2/CL.pdf Graphic file (type pdf)
<use ../Figs///Q2/CL.pdf>
Package pdftex.def Info: ../Figs///Q2/CL.pdf  used on input line 56.
(pdftex.def)             Requested size: 240.89574pt x 150.55983pt.
<../Figs///Q2/Q2-CF-res.pdf, id=25, 602.25pt x 401.5pt>
File: ../Figs///Q2/Q2-CF-res.pdf Graphic file (type pdf)
<use ../Figs///Q2/Q2-CF-res.pdf>
Package pdftex.def Info: ../Figs///Q2/Q2-CF-res.pdf  used on input line 72.
(pdftex.def)             Requested size: 210.79065pt x 140.5271pt.
 [2 <c:/Users/Yaghoub/Documents/GitHub/ComputationalPhysics-Fall2021/ProblemSet4/TEXfiles/../Figs///Q2/CL.pdf> <c:/Users/Yaghoub/Documents/GitHub/ComputationalPhysics-Fall2021/ProblemSet4/TEXfiles/../Figs///Q2/Q2-CF-res.pdf>]
<../Figs///Q3/Q3-S-violon.pdf, id=35, 602.25pt x 401.5pt>
File: ../Figs///Q3/Q3-S-violon.pdf Graphic file (type pdf)
<use ../Figs///Q3/Q3-S-violon.pdf>
Package pdftex.def Info: ../Figs///Q3/Q3-S-violon.pdf  used on input line 89.
(pdftex.def)             Requested size: 150.56212pt x 100.37474pt.
<../Figs///Q3/Q3-XI-violon.pdf, id=36, 602.25pt x 401.5pt>
File: ../Figs///Q3/Q3-XI-violon.pdf Graphic file (type pdf)
<use ../Figs///Q3/Q3-XI-violon.pdf>
Package pdftex.def Info: ../Figs///Q3/Q3-XI-violon.pdf  used on input line 91.
(pdftex.def)             Requested size: 150.56212pt x 100.37474pt.
<../Figs///Q3/Q3-XI-hist.pdf, id=37, 602.25pt x 401.5pt>
File: ../Figs///Q3/Q3-XI-hist.pdf Graphic file (type pdf)
<use ../Figs///Q3/Q3-XI-hist.pdf>
Package pdftex.def Info: ../Figs///Q3/Q3-XI-hist.pdf  used on input line 93.
(pdftex.def)             Requested size: 150.56212pt x 100.37474pt.
<../Figs///Q3/Q3-S-hist.pdf, id=38, 602.25pt x 401.5pt>
File: ../Figs///Q3/Q3-S-hist.pdf Graphic file (type pdf)
<use ../Figs///Q3/Q3-S-hist.pdf>
Package pdftex.def Info: ../Figs///Q3/Q3-S-hist.pdf  used on input line 95.
(pdftex.def)             Requested size: 150.56212pt x 100.37474pt.
<../Figs///Q3/Q3-S-XI.jpg, id=39, 602.25pt x 401.70074pt>
File: ../Figs///Q3/Q3-S-XI.jpg Graphic file (type jpg)
<use ../Figs///Q3/Q3-S-XI.jpg>
Package pdftex.def Info: ../Figs///Q3/Q3-S-XI.jpg  used on input line 102.
(pdftex.def)             Requested size: 150.56212pt x 100.42493pt.
<../Figs///Q3/Q3-S-XI-Avg.pdf, id=40, 602.25pt x 401.5pt>
File: ../Figs///Q3/Q3-S-XI-Avg.pdf Graphic file (type pdf)
<use ../Figs///Q3/Q3-S-XI-Avg.pdf>
Package pdftex.def Info: ../Figs///Q3/Q3-S-XI-Avg.pdf  used on input line 104.
(pdftex.def)             Requested size: 150.56212pt x 100.37474pt.
 [3 <c:/Users/Yaghoub/Documents/GitHub/ComputationalPhysics-Fall2021/ProblemSet4/TEXfiles/../Figs///Q3/Q3-S-violon.pdf> <c:/Users/Yaghoub/Documents/GitHub/ComputationalPhysics-Fall2021/ProblemSet4/TEXfiles/../Figs///Q3/Q3-XI-violon.pdf> <c:/Users/Yaghoub/Documents/GitHub/ComputationalPhysics-Fall2021/ProblemSet4/TEXfiles/../Figs///Q3/Q3-XI-hist.pdf> <c:/Users/Yaghoub/Documents/GitHub/ComputationalPhysics-Fall2021/ProblemSet4/TEXfiles/../Figs///Q3/Q3-S-hist.pdf> <c:/Users/Yaghoub/Documents/GitHub/ComputationalPhysics-Fall2021/ProblemSet4/TEXfiles/../Figs///Q3/Q3-S-XI.jpg> <c:/Users/Yaghoub/Documents/GitHub/ComputationalPhysics-Fall2021/ProblemSet4/TEXfiles/../Figs///Q3/Q3-S-XI-Avg.pdf>]
<../Figs///Q4/Q4-tot.pdf, id=53, 1003.75pt x 1003.75pt>
File: ../Figs///Q4/Q4-tot.pdf Graphic file (type pdf)
<use ../Figs///Q4/Q4-tot.pdf>
Package pdftex.def Info: ../Figs///Q4/Q4-tot.pdf  used on input line 123.
(pdftex.def)             Requested size: 301.12732pt x 301.12732pt.
 [4 <c:/Users/Yaghoub/Documents/GitHub/ComputationalPhysics-Fall2021/ProblemSet4/TEXfiles/../Figs///Q4/Q4-tot.pdf>]
<../Figs///Q5/Q5-scat.pdf, id=63, 853.1875pt x 692.5875pt>
File: ../Figs///Q5/Q5-scat.pdf Graphic file (type pdf)
<use ../Figs///Q5/Q5-scat.pdf>
Package pdftex.def Info: ../Figs///Q5/Q5-scat.pdf  used on input line 143.
(pdftex.def)             Requested size: 213.29636pt x 173.14644pt.
<../Figs///Q5/Q5-cont.pdf, id=64, 803.0pt x 602.25pt>
File: ../Figs///Q5/Q5-cont.pdf Graphic file (type pdf)
<use ../Figs///Q5/Q5-cont.pdf>
Package pdftex.def Info: ../Figs///Q5/Q5-cont.pdf  used on input line 150.
(pdftex.def)             Requested size: 240.90186pt x 180.67639pt.
 [5 <c:/Users/Yaghoub/Documents/GitHub/ComputationalPhysics-Fall2021/ProblemSet4/TEXfiles/../Figs///Q5/Q5-scat.pdf> <c:/Users/Yaghoub/Documents/GitHub/ComputationalPhysics-Fall2021/ProblemSet4/TEXfiles/../Figs///Q5/Q5-cont.pdf>]
<../Figs///Q6/Q6-scat.pdf, id=74, 853.1875pt x 692.5875pt>
File: ../Figs///Q6/Q6-scat.pdf Graphic file (type pdf)
<use ../Figs///Q6/Q6-scat.pdf>
Package pdftex.def Info: ../Figs///Q6/Q6-scat.pdf  used on input line 167.
(pdftex.def)             Requested size: 213.29636pt x 173.14644pt.
<../Figs///Q6/Q6-LT.pdf, id=75, 602.25pt x 501.875pt>
File: ../Figs///Q6/Q6-LT.pdf Graphic file (type pdf)
<use ../Figs///Q6/Q6-LT.pdf>
Package pdftex.def Info: ../Figs///Q6/Q6-LT.pdf  used on input line 174.
(pdftex.def)             Requested size: 210.79065pt x 175.65887pt.
 [6 <c:/Users/Yaghoub/Documents/GitHub/ComputationalPhysics-Fall2021/ProblemSet4/TEXfiles/../Figs///Q6/Q6-scat.pdf> <c:/Users/Yaghoub/Documents/GitHub/ComputationalPhysics-Fall2021/ProblemSet4/TEXfiles/../Figs///Q6/Q6-LT.pdf>] [7] (c:/Users/Yaghoub/Documents/GitHub/ComputationalPhysics-Fall2021/ProblemSet4/TEXfiles/report.aux)
Package rerunfilecheck Info: File `report.out' has not changed.
(rerunfilecheck)             Checksum: D41D8CD98F00B204E9800998ECF8427E;0.
 ) 
Here is how much of TeX's memory you used:
 8045 strings out of 479302
 121492 string characters out of 5871204
 405257 words of memory out of 5000000
 25107 multiletter control sequences out of 15000+600000
 407378 words of font info for 40 fonts, out of 8000000 for 9000
 1141 hyphenation exceptions out of 8191
 71i,7n,74p,346b,325s stack positions out of 5000i,500n,10000p,200000b,80000s
<c:/texlive/2020/texmf-dist/fonts/type1/public/amsfonts/cm/cmbx10.pfb><c:/texlive/2020/texmf-dist/fonts/type1/public/amsfonts/cm/cmbx12.pfb><c:/texlive/2020/texmf-dist/fonts/type1/public/amsfonts/cm/cmmi10.pfb><c:/texlive/2020/texmf-dist/fonts/type1/public/amsfonts/cm/cmmi7.pfb><c:/texlive/2020/texmf-dist/fonts/type1/public/amsfonts/cm/cmr10.pfb><c:/texlive/2020/texmf-dist/fonts/type1/public/amsfonts/cm/cmr12.pfb><c:/texlive/2020/texmf-dist/fonts/type1/public/amsfonts/cm/cmr17.pfb><c:/texlive/2020/texmf-dist/fonts/type1/public/amsfonts/cm/cmr7.pfb><c:/texlive/2020/texmf-dist/fonts/type1/public/amsfonts/cm/cmsy7.pfb>
Output written on c:/Users/Yaghoub/Documents/GitHub/ComputationalPhysics-Fall2021/ProblemSet4/TEXfiles/report.pdf (7 pages, 1033385 bytes).
PDF statistics:
 127 PDF objects out of 1000 (max. 8388607)
 92 compressed objects within 1 object stream
 24 named destinations out of 1000 (max. 500000)
 81 words of extra memory for PDF output out of 10000 (max. 10000000)

