This is pdfTeX, Version 3.14159265-2.6-1.40.21 (TeX Live 2020/W32TeX) (preloaded format=pdflatex 2021.2.13)  15 OCT 2021 00:08
entering extended mode
 restricted \write18 enabled.
 file:line:error style messages enabled.
 %&-line parsing enabled.
**c:/Users/Yaghoub/Documents/GitHub/ComputationalPhysics-Fall2021/ProblemSet3/TEXfiles/report.tex
(c:/Users/Yaghoub/Documents/GitHub/ComputationalPhysics-Fall2021/ProblemSet3/TEXfiles/report.tex
LaTeX2e <2020-10-01> patch level 4
L3 programming layer <2021-02-06> (c:/texlive/2020/texmf-dist/tex/latex/base/article.cls
Document Class: article 2020/04/10 v1.4m Standard LaTeX document class
(c:/texlive/2020/texmf-dist/tex/latex/base/size10.clo
File: size10.clo 2020/04/10 v1.4m Standard LaTeX file (size option)
)
\c@part=\count177
\c@section=\count178
\c@subsection=\count179
\c@subsubsection=\count180
\c@paragraph=\count181
\c@subparagraph=\count182
\c@figure=\count183
\c@table=\count184
\abovecaptionskip=\skip47
\belowcaptionskip=\skip48
\bibindent=\dimen138
) (c:/texlive/2020/texmf-dist/tex/latex/placeins/placeins.sty
Package: placeins 2005/04/18  v 2.2
) (c:/texlive/2020/texmf-dist/tex/latex/graphics/graphicx.sty
Package: graphicx 2020/09/09 v1.2b Enhanced LaTeX Graphics (DPC,SPQR)
 (c:/texlive/2020/texmf-dist/tex/latex/graphics/keyval.sty
Package: keyval 2014/10/28 v1.15 key=value parser (DPC)
\KV@toks@=\toks15
) (c:/texlive/2020/texmf-dist/tex/latex/graphics/graphics.sty
Package: graphics 2020/08/30 v1.4c Standard LaTeX Graphics (DPC,SPQR)
 (c:/texlive/2020/texmf-dist/tex/latex/graphics/trig.sty
Package: trig 2016/01/03 v1.10 sin cos tan (DPC)
) (c:/texlive/2020/texmf-dist/tex/latex/graphics-cfg/graphics.cfg
File: graphics.cfg 2016/06/04 v1.11 sample graphics configuration
)
Package graphics Info: Driver file: pdftex.def on input line 105.
 (c:/texlive/2020/texmf-dist/tex/latex/graphics-def/pdftex.def
File: pdftex.def 2020/10/05 v1.2a Graphics/color driver for pdftex
))
\Gin@req@height=\dimen139
\Gin@req@width=\dimen140
) (c:/texlive/2020/texmf-dist/tex/latex/wrapfig/wrapfig.sty
\wrapoverhang=\dimen141
\WF@size=\dimen142
\c@WF@wrappedlines=\count185
\WF@box=\box47
\WF@everypar=\toks16
Package: wrapfig 2003/01/31  v 3.6
) (c:/texlive/2020/texmf-dist/tex/latex/l3backend/l3backend-pdftex.def
File: l3backend-pdftex.def 2021-02-06 L3 backend support: PDF output (pdfTeX)
\l__color_backend_stack_int=\count186
\l__pdf_internal_box=\box48
) (c:/Users/Yaghoub/Documents/GitHub/ComputationalPhysics-Fall2021/ProblemSet3/TEXfiles/report.aux)
\openout1 = `report.aux'.

LaTeX Font Info:    Checking defaults for OML/cmm/m/it on input line 11.
LaTeX Font Info:    ... okay on input line 11.
LaTeX Font Info:    Checking defaults for OMS/cmsy/m/n on input line 11.
LaTeX Font Info:    ... okay on input line 11.
LaTeX Font Info:    Checking defaults for OT1/cmr/m/n on input line 11.
LaTeX Font Info:    ... okay on input line 11.
LaTeX Font Info:    Checking defaults for T1/cmr/m/n on input line 11.
LaTeX Font Info:    ... okay on input line 11.
LaTeX Font Info:    Checking defaults for TS1/cmr/m/n on input line 11.
LaTeX Font Info:    ... okay on input line 11.
LaTeX Font Info:    Checking defaults for OMX/cmex/m/n on input line 11.
LaTeX Font Info:    ... okay on input line 11.
LaTeX Font Info:    Checking defaults for U/cmr/m/n on input line 11.
LaTeX Font Info:    ... okay on input line 11.
 (c:/texlive/2020/texmf-dist/tex/context/base/mkii/supp-pdf.mkii
[Loading MPS to PDF converter (version 2006.09.02).]
\scratchcounter=\count187
\scratchdimen=\dimen143
\scratchbox=\box49
\nofMPsegments=\count188
\nofMParguments=\count189
\everyMPshowfont=\toks17
\MPscratchCnt=\count190
\MPscratchDim=\dimen144
\MPnumerator=\count191
\makeMPintoPDFobject=\count192
\everyMPtoPDFconversion=\toks18
) (c:/texlive/2020/texmf-dist/tex/latex/epstopdf-pkg/epstopdf-base.sty
Package: epstopdf-base 2020-01-24 v2.11 Base part for package epstopdf
Package epstopdf-base Info: Redefining graphics rule for `.eps' on input line 485.
 (c:/texlive/2020/texmf-dist/tex/latex/latexconfig/epstopdf-sys.cfg
File: epstopdf-sys.cfg 2010/07/13 v1.3 Configuration of (r)epstopdf for TeX Live
))
LaTeX Font Info:    External font `cmex10' loaded for size
(Font)              <12> on input line 12.
LaTeX Font Info:    External font `cmex10' loaded for size
(Font)              <8> on input line 12.
LaTeX Font Info:    External font `cmex10' loaded for size
(Font)              <6> on input line 12.
LaTeX Font Info:    External font `cmex10' loaded for size
(Font)              <7> on input line 22.
LaTeX Font Info:    External font `cmex10' loaded for size
(Font)              <5> on input line 22.
<../Figs///Q1/Graphic.pdf, id=1, 602.25pt x 401.5pt>
File: ../Figs///Q1/Graphic.pdf Graphic file (type pdf)
<use ../Figs///Q1/Graphic.pdf>
Package pdftex.def Info: ../Figs///Q1/Graphic.pdf  used on input line 28.
(pdftex.def)             Requested size: 301.12425pt x 200.7495pt.
 [1

{c:/texlive/2020/texmf-var/fonts/map/pdftex/updmap/pdftex.map} <c:/Users/Yaghoub/Documents/GitHub/ComputationalPhysics-Fall2021/ProblemSet3/TEXfiles/../Figs///Q1/Graphic.pdf>]
<../Figs///Q1/H-t(L=50).pdf, id=16, 602.25pt x 401.5pt>
File: ../Figs///Q1/H-t(L=50).pdf Graphic file (type pdf)
<use ../Figs///Q1/H-t(L=50).pdf>
Package pdftex.def Info: ../Figs///Q1/H-t(L=50).pdf  used on input line 49.
(pdftex.def)             Requested size: 170.4392pt x 113.62613pt.
<../Figs///Q1/W-t(L=50).pdf, id=17, 602.25pt x 401.5pt>
File: ../Figs///Q1/W-t(L=50).pdf Graphic file (type pdf)
<use ../Figs///Q1/W-t(L=50).pdf>
Package pdftex.def Info: ../Figs///Q1/W-t(L=50).pdf  used on input line 51.
(pdftex.def)             Requested size: 170.4392pt x 113.62613pt.
<../Figs///Q1/H-t(L=100).pdf, id=18, 602.25pt x 401.5pt>
File: ../Figs///Q1/H-t(L=100).pdf Graphic file (type pdf)
<use ../Figs///Q1/H-t(L=100).pdf>
Package pdftex.def Info: ../Figs///Q1/H-t(L=100).pdf  used on input line 57.
(pdftex.def)             Requested size: 170.4392pt x 113.62613pt.
<../Figs///Q1/W-t(L=100).pdf, id=19, 602.25pt x 401.5pt>
File: ../Figs///Q1/W-t(L=100).pdf Graphic file (type pdf)
<use ../Figs///Q1/W-t(L=100).pdf>
Package pdftex.def Info: ../Figs///Q1/W-t(L=100).pdf  used on input line 59.
(pdftex.def)             Requested size: 170.4392pt x 113.62613pt.
<../Figs///Q1/H-t(L=200).pdf, id=20, 602.25pt x 401.5pt>
File: ../Figs///Q1/H-t(L=200).pdf Graphic file (type pdf)
<use ../Figs///Q1/H-t(L=200).pdf>
Package pdftex.def Info: ../Figs///Q1/H-t(L=200).pdf  used on input line 65.
(pdftex.def)             Requested size: 170.4392pt x 113.62613pt.
<../Figs///Q1/W-t(L=200).pdf, id=21, 602.25pt x 401.5pt>
File: ../Figs///Q1/W-t(L=200).pdf Graphic file (type pdf)
<use ../Figs///Q1/W-t(L=200).pdf>
Package pdftex.def Info: ../Figs///Q1/W-t(L=200).pdf  used on input line 67.
(pdftex.def)             Requested size: 170.4392pt x 113.62613pt.
 [2 <c:/Users/Yaghoub/Documents/GitHub/ComputationalPhysics-Fall2021/ProblemSet3/TEXfiles/../Figs///Q1/H-t(L=50).pdf> <c:/Users/Yaghoub/Documents/GitHub/ComputationalPhysics-Fall2021/ProblemSet3/TEXfiles/../Figs///Q1/W-t(L=50).pdf> <c:/Users/Yaghoub/Documents/GitHub/ComputationalPhysics-Fall2021/ProblemSet3/TEXfiles/../Figs///Q1/H-t(L=100).pdf> <c:/Users/Yaghoub/Documents/GitHub/ComputationalPhysics-Fall2021/ProblemSet3/TEXfiles/../Figs///Q1/W-t(L=100).pdf>]
<../Figs///Q1/H-t(L=300).pdf, id=29, 602.25pt x 401.5pt>
File: ../Figs///Q1/H-t(L=300).pdf Graphic file (type pdf)
<use ../Figs///Q1/H-t(L=300).pdf>
Package pdftex.def Info: ../Figs///Q1/H-t(L=300).pdf  used on input line 74.
(pdftex.def)             Requested size: 170.4392pt x 113.62613pt.
<../Figs///Q1/W-t(L=300).pdf, id=30, 602.25pt x 401.5pt>
File: ../Figs///Q1/W-t(L=300).pdf Graphic file (type pdf)
<use ../Figs///Q1/W-t(L=300).pdf>
Package pdftex.def Info: ../Figs///Q1/W-t(L=300).pdf  used on input line 76.
(pdftex.def)             Requested size: 170.4392pt x 113.62613pt.
 [3 <c:/Users/Yaghoub/Documents/GitHub/ComputationalPhysics-Fall2021/ProblemSet3/TEXfiles/../Figs///Q1/H-t(L=200).pdf> <c:/Users/Yaghoub/Documents/GitHub/ComputationalPhysics-Fall2021/ProblemSet3/TEXfiles/../Figs///Q1/W-t(L=200).pdf> <c:/Users/Yaghoub/Documents/GitHub/ComputationalPhysics-Fall2021/ProblemSet3/TEXfiles/../Figs///Q1/H-t(L=300).pdf> <c:/Users/Yaghoub/Documents/GitHub/ComputationalPhysics-Fall2021/ProblemSet3/TEXfiles/../Figs///Q1/W-t(L=300).pdf>]
<../Figs///Q2/Graphic.pdf, id=39, 602.25pt x 401.5pt>
File: ../Figs///Q2/Graphic.pdf Graphic file (type pdf)
<use ../Figs///Q2/Graphic.pdf>
Package pdftex.def Info: ../Figs///Q2/Graphic.pdf  used on input line 129.
(pdftex.def)             Requested size: 301.12425pt x 200.7495pt.
<../Figs///Q2/H-t(L=50).pdf, id=40, 602.25pt x 401.5pt>
File: ../Figs///Q2/H-t(L=50).pdf Graphic file (type pdf)
<use ../Figs///Q2/H-t(L=50).pdf>
Package pdftex.def Info: ../Figs///Q2/H-t(L=50).pdf  used on input line 144.
(pdftex.def)             Requested size: 170.4392pt x 113.62613pt.
<../Figs///Q2/W-t(L=50).pdf, id=41, 602.25pt x 401.5pt>
File: ../Figs///Q2/W-t(L=50).pdf Graphic file (type pdf)
<use ../Figs///Q2/W-t(L=50).pdf>
Package pdftex.def Info: ../Figs///Q2/W-t(L=50).pdf  used on input line 146.
(pdftex.def)             Requested size: 170.4392pt x 113.62613pt.
<../Figs///Q2/H-t(L=100).pdf, id=42, 602.25pt x 401.5pt>
File: ../Figs///Q2/H-t(L=100).pdf Graphic file (type pdf)
<use ../Figs///Q2/H-t(L=100).pdf>
Package pdftex.def Info: ../Figs///Q2/H-t(L=100).pdf  used on input line 152.
(pdftex.def)             Requested size: 170.4392pt x 113.62613pt.
<../Figs///Q2/W-t(L=100).pdf, id=43, 602.25pt x 401.5pt>
File: ../Figs///Q2/W-t(L=100).pdf Graphic file (type pdf)
<use ../Figs///Q2/W-t(L=100).pdf>
Package pdftex.def Info: ../Figs///Q2/W-t(L=100).pdf  used on input line 154.
(pdftex.def)             Requested size: 170.4392pt x 113.62613pt.
<../Figs///Q2/H-t(L=200).pdf, id=44, 602.25pt x 401.5pt>
File: ../Figs///Q2/H-t(L=200).pdf Graphic file (type pdf)
<use ../Figs///Q2/H-t(L=200).pdf>
Package pdftex.def Info: ../Figs///Q2/H-t(L=200).pdf  used on input line 160.
(pdftex.def)             Requested size: 170.4392pt x 113.62613pt.
<../Figs///Q2/W-t(L=200).pdf, id=45, 602.25pt x 401.5pt>
File: ../Figs///Q2/W-t(L=200).pdf Graphic file (type pdf)
<use ../Figs///Q2/W-t(L=200).pdf>
Package pdftex.def Info: ../Figs///Q2/W-t(L=200).pdf  used on input line 162.
(pdftex.def)             Requested size: 170.4392pt x 113.62613pt.
<../Figs///Q2/H-t(L=300).pdf, id=46, 602.25pt x 401.5pt>
File: ../Figs///Q2/H-t(L=300).pdf Graphic file (type pdf)
<use ../Figs///Q2/H-t(L=300).pdf>
Package pdftex.def Info: ../Figs///Q2/H-t(L=300).pdf  used on input line 168.
(pdftex.def)             Requested size: 170.4392pt x 113.62613pt.
<../Figs///Q2/W-t(L=300).pdf, id=47, 602.25pt x 401.5pt>
File: ../Figs///Q2/W-t(L=300).pdf Graphic file (type pdf)
<use ../Figs///Q2/W-t(L=300).pdf>
Package pdftex.def Info: ../Figs///Q2/W-t(L=300).pdf  used on input line 170.
(pdftex.def)             Requested size: 170.4392pt x 113.62613pt.
 [4 <c:/Users/Yaghoub/Documents/GitHub/ComputationalPhysics-Fall2021/ProblemSet3/TEXfiles/../Figs///Q2/Graphic.pdf>] [5 <c:/Users/Yaghoub/Documents/GitHub/ComputationalPhysics-Fall2021/ProblemSet3/TEXfiles/../Figs///Q2/H-t(L=50).pdf> <c:/Users/Yaghoub/Documents/GitHub/ComputationalPhysics-Fall2021/ProblemSet3/TEXfiles/../Figs///Q2/W-t(L=50).pdf> <c:/Users/Yaghoub/Documents/GitHub/ComputationalPhysics-Fall2021/ProblemSet3/TEXfiles/../Figs///Q2/H-t(L=100).pdf> <c:/Users/Yaghoub/Documents/GitHub/ComputationalPhysics-Fall2021/ProblemSet3/TEXfiles/../Figs///Q2/W-t(L=100).pdf> <c:/Users/Yaghoub/Documents/GitHub/ComputationalPhysics-Fall2021/ProblemSet3/TEXfiles/../Figs///Q2/H-t(L=200).pdf> <c:/Users/Yaghoub/Documents/GitHub/ComputationalPhysics-Fall2021/ProblemSet3/TEXfiles/../Figs///Q2/W-t(L=200).pdf>]
<../Figs///Q3/Graphic.pdf, id=61, 602.25pt x 401.5pt>
File: ../Figs///Q3/Graphic.pdf Graphic file (type pdf)
<use ../Figs///Q3/Graphic.pdf>
Package pdftex.def Info: ../Figs///Q3/Graphic.pdf  used on input line 226.
(pdftex.def)             Requested size: 301.12425pt x 200.7495pt.
<../Figs///Q3/Q3-L(t).pdf, id=62, 602.25pt x 401.5pt>
File: ../Figs///Q3/Q3-L(t).pdf Graphic file (type pdf)
<use ../Figs///Q3/Q3-L(t).pdf>
Package pdftex.def Info: ../Figs///Q3/Q3-L(t).pdf  used on input line 234.
(pdftex.def)             Requested size: 240.89572pt x 160.59715pt.
 [6 <c:/Users/Yaghoub/Documents/GitHub/ComputationalPhysics-Fall2021/ProblemSet3/TEXfiles/../Figs///Q2/H-t(L=300).pdf> <c:/Users/Yaghoub/Documents/GitHub/ComputationalPhysics-Fall2021/ProblemSet3/TEXfiles/../Figs///Q2/W-t(L=300).pdf> <c:/Users/Yaghoub/Documents/GitHub/ComputationalPhysics-Fall2021/ProblemSet3/TEXfiles/../Figs///Q3/Graphic.pdf>]
<../Figs///Q4/Q4.pdf, id=70, 433.62pt x 289.08pt>
File: ../Figs///Q4/Q4.pdf Graphic file (type pdf)
<use ../Figs///Q4/Q4.pdf>
Package pdftex.def Info: ../Figs///Q4/Q4.pdf  used on input line 253.
(pdftex.def)             Requested size: 216.80946pt x 144.53964pt.
 [7 <c:/Users/Yaghoub/Documents/GitHub/ComputationalPhysics-Fall2021/ProblemSet3/TEXfiles/../Figs///Q3/Q3-L(t).pdf> <c:/Users/Yaghoub/Documents/GitHub/ComputationalPhysics-Fall2021/ProblemSet3/TEXfiles/../Figs///Q4/Q4.pdf>] [8] (c:/Users/Yaghoub/Documents/GitHub/ComputationalPhysics-Fall2021/ProblemSet3/TEXfiles/report.aux) ) 
Here is how much of TeX's memory you used:
 1470 strings out of 479302
 24837 string characters out of 5871204
 299940 words of memory out of 5000000
 18676 multiletter control sequences out of 15000+600000
 407713 words of font info for 41 fonts, out of 8000000 for 9000
 1141 hyphenation exceptions out of 8191
 68i,6n,74p,449b,219s stack positions out of 5000i,500n,10000p,200000b,80000s
{c:/texlive/2020/texmf-dist/fonts/enc/dvips/cm-super/cm-super-ts1.enc}<c:/texlive/2020/texmf-dist/fonts/type1/public/amsfonts/cm/cmbx10.pfb><c:/texlive/2020/texmf-dist/fonts/type1/public/amsfonts/cm/cmbx12.pfb><c:/texlive/2020/texmf-dist/fonts/type1/public/amsfonts/cm/cmmi10.pfb><c:/texlive/2020/texmf-dist/fonts/type1/public/amsfonts/cm/cmmi7.pfb><c:/texlive/2020/texmf-dist/fonts/type1/public/amsfonts/cm/cmr10.pfb><c:/texlive/2020/texmf-dist/fonts/type1/public/amsfonts/cm/cmr12.pfb><c:/texlive/2020/texmf-dist/fonts/type1/public/amsfonts/cm/cmr17.pfb><c:/texlive/2020/texmf-dist/fonts/type1/public/amsfonts/cm/cmr7.pfb><c:/texlive/2020/texmf-dist/fonts/type1/public/amsfonts/cm/cmsy10.pfb><c:/texlive/2020/texmf-dist/fonts/type1/public/cm-super/sfrm1000.pfb>
Output written on c:/Users/Yaghoub/Documents/GitHub/ComputationalPhysics-Fall2021/ProblemSet3/TEXfiles/report.pdf (8 pages, 1305171 bytes).
PDF statistics:
 151 PDF objects out of 1000 (max. 8388607)
 77 compressed objects within 1 object stream
 0 named destinations out of 1000 (max. 500000)
 106 words of extra memory for PDF output out of 10000 (max. 10000000)

