This is pdfTeX, Version 3.14159265-2.6-1.40.21 (TeX Live 2020/W32TeX) (preloaded format=pdflatex 2021.2.13)  2 OCT 2021 02:24
entering extended mode
 restricted \write18 enabled.
 file:line:error style messages enabled.
 %&-line parsing enabled.
**c:/Users/Yaghoub/Documents/GitHub/ComputationalPhysics-Fall2021/ProblemSet2/TEXfiles/report.tex
(c:/Users/Yaghoub/Documents/GitHub/ComputationalPhysics-Fall2021/ProblemSet2/TEXfiles/report.tex
LaTeX2e <2020-10-01> patch level 4
L3 programming layer <2021-02-06> (c:/texlive/2020/texmf-dist/tex/latex/base/article.cls
Document Class: article 2020/04/10 v1.4m Standard LaTeX document class
(c:/texlive/2020/texmf-dist/tex/latex/base/size10.clo
File: size10.clo 2020/04/10 v1.4m Standard LaTeX file (size option)
)
\c@part=\count177
\c@section=\count178
\c@subsection=\count179
\c@subsubsection=\count180
\c@paragraph=\count181
\c@subparagraph=\count182
\c@figure=\count183
\c@table=\count184
\abovecaptionskip=\skip47
\belowcaptionskip=\skip48
\bibindent=\dimen138
) (c:/texlive/2020/texmf-dist/tex/latex/placeins/placeins.sty
Package: placeins 2005/04/18  v 2.2
) (c:/texlive/2020/texmf-dist/tex/latex/graphics/graphicx.sty
Package: graphicx 2020/09/09 v1.2b Enhanced LaTeX Graphics (DPC,SPQR)
 (c:/texlive/2020/texmf-dist/tex/latex/graphics/keyval.sty
Package: keyval 2014/10/28 v1.15 key=value parser (DPC)
\KV@toks@=\toks15
) (c:/texlive/2020/texmf-dist/tex/latex/graphics/graphics.sty
Package: graphics 2020/08/30 v1.4c Standard LaTeX Graphics (DPC,SPQR)
 (c:/texlive/2020/texmf-dist/tex/latex/graphics/trig.sty
Package: trig 2016/01/03 v1.10 sin cos tan (DPC)
) (c:/texlive/2020/texmf-dist/tex/latex/graphics-cfg/graphics.cfg
File: graphics.cfg 2016/06/04 v1.11 sample graphics configuration
)
Package graphics Info: Driver file: pdftex.def on input line 105.
 (c:/texlive/2020/texmf-dist/tex/latex/graphics-def/pdftex.def
File: pdftex.def 2020/10/05 v1.2a Graphics/color driver for pdftex
))
\Gin@req@height=\dimen139
\Gin@req@width=\dimen140
) (c:/texlive/2020/texmf-dist/tex/latex/l3backend/l3backend-pdftex.def
File: l3backend-pdftex.def 2021-02-06 L3 backend support: PDF output (pdfTeX)
\l__color_backend_stack_int=\count185
\l__pdf_internal_box=\box47
) (c:/Users/Yaghoub/Documents/GitHub/ComputationalPhysics-Fall2021/ProblemSet2/TEXfiles/report.aux)
\openout1 = `report.aux'.

LaTeX Font Info:    Checking defaults for OML/cmm/m/it on input line 10.
LaTeX Font Info:    ... okay on input line 10.
LaTeX Font Info:    Checking defaults for OMS/cmsy/m/n on input line 10.
LaTeX Font Info:    ... okay on input line 10.
LaTeX Font Info:    Checking defaults for OT1/cmr/m/n on input line 10.
LaTeX Font Info:    ... okay on input line 10.
LaTeX Font Info:    Checking defaults for T1/cmr/m/n on input line 10.
LaTeX Font Info:    ... okay on input line 10.
LaTeX Font Info:    Checking defaults for TS1/cmr/m/n on input line 10.
LaTeX Font Info:    ... okay on input line 10.
LaTeX Font Info:    Checking defaults for OMX/cmex/m/n on input line 10.
LaTeX Font Info:    ... okay on input line 10.
LaTeX Font Info:    Checking defaults for U/cmr/m/n on input line 10.
LaTeX Font Info:    ... okay on input line 10.
 (c:/texlive/2020/texmf-dist/tex/context/base/mkii/supp-pdf.mkii
[Loading MPS to PDF converter (version 2006.09.02).]
\scratchcounter=\count186
\scratchdimen=\dimen141
\scratchbox=\box48
\nofMPsegments=\count187
\nofMParguments=\count188
\everyMPshowfont=\toks16
\MPscratchCnt=\count189
\MPscratchDim=\dimen142
\MPnumerator=\count190
\makeMPintoPDFobject=\count191
\everyMPtoPDFconversion=\toks17
) (c:/texlive/2020/texmf-dist/tex/latex/epstopdf-pkg/epstopdf-base.sty
Package: epstopdf-base 2020-01-24 v2.11 Base part for package epstopdf
Package epstopdf-base Info: Redefining graphics rule for `.eps' on input line 485.
 (c:/texlive/2020/texmf-dist/tex/latex/latexconfig/epstopdf-sys.cfg
File: epstopdf-sys.cfg 2010/07/13 v1.3 Configuration of (r)epstopdf for TeX Live
))
LaTeX Font Info:    External font `cmex10' loaded for size
(Font)              <12> on input line 11.
LaTeX Font Info:    External font `cmex10' loaded for size
(Font)              <8> on input line 11.
LaTeX Font Info:    External font `cmex10' loaded for size
(Font)              <6> on input line 11.
LaTeX Font Info:    External font `cmex10' loaded for size
(Font)              <7> on input line 15.
LaTeX Font Info:    External font `cmex10' loaded for size
(Font)              <5> on input line 15.
<../Figs///Q1/JuliaSet1.png, id=1, 602.25pt x 401.5pt>
File: ../Figs///Q1/JuliaSet1.png Graphic file (type png)
<use ../Figs///Q1/JuliaSet1.png>
Package pdftex.def Info: ../Figs///Q1/JuliaSet1.png  used on input line 30.
(pdftex.def)             Requested size: 105.39532pt x 70.26355pt.
<../Figs///Q1/JuliaSet2.png, id=2, 602.25pt x 401.5pt>
File: ../Figs///Q1/JuliaSet2.png Graphic file (type png)
<use ../Figs///Q1/JuliaSet2.png>
Package pdftex.def Info: ../Figs///Q1/JuliaSet2.png  used on input line 32.
(pdftex.def)             Requested size: 105.39532pt x 70.26355pt.
<../Figs///Q1/JuliaSet3.png, id=3, 602.25pt x 401.5pt>
File: ../Figs///Q1/JuliaSet3.png Graphic file (type png)
<use ../Figs///Q1/JuliaSet3.png>
Package pdftex.def Info: ../Figs///Q1/JuliaSet3.png  used on input line 34.
(pdftex.def)             Requested size: 105.39532pt x 70.26355pt.
<../Figs///Q1/JuliaSet4.png, id=4, 602.25pt x 401.5pt>
File: ../Figs///Q1/JuliaSet4.png Graphic file (type png)
<use ../Figs///Q1/JuliaSet4.png>
Package pdftex.def Info: ../Figs///Q1/JuliaSet4.png  used on input line 36.
(pdftex.def)             Requested size: 105.39532pt x 70.26355pt.
<../Figs///Q1/JuliaSet5.png, id=5, 602.25pt x 401.5pt>
File: ../Figs///Q1/JuliaSet5.png Graphic file (type png)
<use ../Figs///Q1/JuliaSet5.png>
Package pdftex.def Info: ../Figs///Q1/JuliaSet5.png  used on input line 38.
(pdftex.def)             Requested size: 105.39532pt x 70.26355pt.
<../Figs///Q1/JuliaSet6.png, id=6, 602.25pt x 401.5pt>
File: ../Figs///Q1/JuliaSet6.png Graphic file (type png)
<use ../Figs///Q1/JuliaSet6.png>
Package pdftex.def Info: ../Figs///Q1/JuliaSet6.png  used on input line 40.
(pdftex.def)             Requested size: 105.39532pt x 70.26355pt.
 [1

{c:/texlive/2020/texmf-var/fonts/map/pdftex/updmap/pdftex.map} <c:/Users/Yaghoub/Documents/GitHub/ComputationalPhysics-Fall2021/ProblemSet2/TEXfiles/../Figs///Q1/JuliaSet1.png> <c:/Users/Yaghoub/Documents/GitHub/ComputationalPhysics-Fall2021/ProblemSet2/TEXfiles/../Figs///Q1/JuliaSet2.png> <c:/Users/Yaghoub/Documents/GitHub/ComputationalPhysics-Fall2021/ProblemSet2/TEXfiles/../Figs///Q1/JuliaSet3.png> <c:/Users/Yaghoub/Documents/GitHub/ComputationalPhysics-Fall2021/ProblemSet2/TEXfiles/../Figs///Q1/JuliaSet4.png> <c:/Users/Yaghoub/Documents/GitHub/ComputationalPhysics-Fall2021/ProblemSet2/TEXfiles/../Figs///Q1/JuliaSet5.png> <c:/Users/Yaghoub/Documents/GitHub/ComputationalPhysics-Fall2021/ProblemSet2/TEXfiles/../Figs///Q1/JuliaSet6.png>]
<../Figs///Q2/RBDGr.png, id=21, 602.25pt x 401.5pt>
File: ../Figs///Q2/RBDGr.png Graphic file (type png)
<use ../Figs///Q2/RBDGr.png>
Package pdftex.def Info: ../Figs///Q2/RBDGr.png  used on input line 78.
(pdftex.def)             Requested size: 240.89572pt x 160.59715pt.
 [2 <c:/Users/Yaghoub/Documents/GitHub/ComputationalPhysics-Fall2021/ProblemSet2/TEXfiles/../Figs///Q2/RBDGr.png>]
<../Figs///Q2/RBDH(t).png, id=26, 602.25pt x 401.5pt>
File: ../Figs///Q2/RBDH(t).png Graphic file (type png)
<use ../Figs///Q2/RBDH(t).png>
Package pdftex.def Info: ../Figs///Q2/RBDH(t).png  used on input line 85.
(pdftex.def)             Requested size: 168.62885pt x 112.41922pt.
<../Figs///Q2/RBDW(t).png, id=27, 602.25pt x 401.5pt>
File: ../Figs///Q2/RBDW(t).png Graphic file (type png)
<use ../Figs///Q2/RBDW(t).png>
Package pdftex.def Info: ../Figs///Q2/RBDW(t).png  used on input line 87.
(pdftex.def)             Requested size: 168.62885pt x 112.41922pt.
 [3 <c:/Users/Yaghoub/Documents/GitHub/ComputationalPhysics-Fall2021/ProblemSet2/TEXfiles/../Figs///Q2/RBDH(t).png> <c:/Users/Yaghoub/Documents/GitHub/ComputationalPhysics-Fall2021/ProblemSet2/TEXfiles/../Figs///Q2/RBDW(t).png>] (c:/Users/Yaghoub/Documents/GitHub/ComputationalPhysics-Fall2021/ProblemSet2/TEXfiles/report.aux) ) 
Here is how much of TeX's memory you used:
 1324 strings out of 479302
 21397 string characters out of 5871204
 295855 words of memory out of 5000000
 18534 multiletter control sequences out of 15000+600000
 407378 words of font info for 40 fonts, out of 8000000 for 9000
 1141 hyphenation exceptions out of 8191
 68i,6n,74p,328b,223s stack positions out of 5000i,500n,10000p,200000b,80000s
<c:/texlive/2020/texmf-dist/fonts/type1/public/amsfonts/cm/cmbx10.pfb><c:/texlive/2020/texmf-dist/fonts/type1/public/amsfonts/cm/cmbx12.pfb><c:/texlive/2020/texmf-dist/fonts/type1/public/amsfonts/cm/cmmi10.pfb><c:/texlive/2020/texmf-dist/fonts/type1/public/amsfonts/cm/cmmi7.pfb><c:/texlive/2020/texmf-dist/fonts/type1/public/amsfonts/cm/cmr10.pfb><c:/texlive/2020/texmf-dist/fonts/type1/public/amsfonts/cm/cmr12.pfb><c:/texlive/2020/texmf-dist/fonts/type1/public/amsfonts/cm/cmr17.pfb><c:/texlive/2020/texmf-dist/fonts/type1/public/amsfonts/cm/cmr7.pfb><c:/texlive/2020/texmf-dist/fonts/type1/public/amsfonts/cm/cmsy10.pfb><c:/texlive/2020/texmf-dist/fonts/type1/public/amsfonts/cm/cmsy7.pfb>
Output written on c:/Users/Yaghoub/Documents/GitHub/ComputationalPhysics-Fall2021/ProblemSet2/TEXfiles/report.pdf (3 pages, 947104 bytes).
PDF statistics:
 63 PDF objects out of 1000 (max. 8388607)
 38 compressed objects within 1 object stream
 0 named destinations out of 1000 (max. 500000)
 46 words of extra memory for PDF output out of 10000 (max. 10000000)

