This is pdfTeX, Version 3.14159265-2.6-1.40.21 (TeX Live 2020/W32TeX) (preloaded format=pdflatex 2021.2.13)  28 SEP 2021 08:49
entering extended mode
 restricted \write18 enabled.
 %&-line parsing enabled.
**report.tex
(./report.tex
LaTeX2e <2020-10-01> patch level 4
L3 programming layer <2021-02-06>
(c:/texlive/2020/texmf-dist/tex/latex/base/article.cls
Document Class: article 2020/04/10 v1.4m Standard LaTeX document class
(c:/texlive/2020/texmf-dist/tex/latex/base/size10.clo
File: size10.clo 2020/04/10 v1.4m Standard LaTeX file (size option)
)
\c@part=\count177
\c@section=\count178
\c@subsection=\count179
\c@subsubsection=\count180
\c@paragraph=\count181
\c@subparagraph=\count182
\c@figure=\count183
\c@table=\count184
\abovecaptionskip=\skip47
\belowcaptionskip=\skip48
\bibindent=\dimen138
)
(c:/texlive/2020/texmf-dist/tex/latex/placeins/placeins.sty
Package: placeins 2005/04/18  v 2.2
)
(c:/texlive/2020/texmf-dist/tex/latex/graphics/graphicx.sty
Package: graphicx 2020/09/09 v1.2b Enhanced LaTeX Graphics (DPC,SPQR)

(c:/texlive/2020/texmf-dist/tex/latex/graphics/keyval.sty
Package: keyval 2014/10/28 v1.15 key=value parser (DPC)
\KV@toks@=\toks15
)
(c:/texlive/2020/texmf-dist/tex/latex/graphics/graphics.sty
Package: graphics 2020/08/30 v1.4c Standard LaTeX Graphics (DPC,SPQR)

(c:/texlive/2020/texmf-dist/tex/latex/graphics/trig.sty
Package: trig 2016/01/03 v1.10 sin cos tan (DPC)
)
(c:/texlive/2020/texmf-dist/tex/latex/graphics-cfg/graphics.cfg
File: graphics.cfg 2016/06/04 v1.11 sample graphics configuration
)
Package graphics Info: Driver file: pdftex.def on input line 105.

(c:/texlive/2020/texmf-dist/tex/latex/graphics-def/pdftex.def
File: pdftex.def 2020/10/05 v1.2a Graphics/color driver for pdftex
))
\Gin@req@height=\dimen139
\Gin@req@width=\dimen140
)
(c:/texlive/2020/texmf-dist/tex/latex/l3backend/l3backend-pdftex.def
File: l3backend-pdftex.def 2021-02-06 L3 backend support: PDF output (pdfTeX)
\l__color_backend_stack_int=\count185
\l__pdf_internal_box=\box47
)
(./report.aux)
\openout1 = `report.aux'.

LaTeX Font Info:    Checking defaults for OML/cmm/m/it on input line 10.
LaTeX Font Info:    ... okay on input line 10.
LaTeX Font Info:    Checking defaults for OMS/cmsy/m/n on input line 10.
LaTeX Font Info:    ... okay on input line 10.
LaTeX Font Info:    Checking defaults for OT1/cmr/m/n on input line 10.
LaTeX Font Info:    ... okay on input line 10.
LaTeX Font Info:    Checking defaults for T1/cmr/m/n on input line 10.
LaTeX Font Info:    ... okay on input line 10.
LaTeX Font Info:    Checking defaults for TS1/cmr/m/n on input line 10.
LaTeX Font Info:    ... okay on input line 10.
LaTeX Font Info:    Checking defaults for OMX/cmex/m/n on input line 10.
LaTeX Font Info:    ... okay on input line 10.
LaTeX Font Info:    Checking defaults for U/cmr/m/n on input line 10.
LaTeX Font Info:    ... okay on input line 10.
 (c:/texlive/2020/texmf-dist/tex/context/base/mkii/supp-pdf.mkii
[Loading MPS to PDF converter (version 2006.09.02).]
\scratchcounter=\count186
\scratchdimen=\dimen141
\scratchbox=\box48
\nofMPsegments=\count187
\nofMParguments=\count188
\everyMPshowfont=\toks16
\MPscratchCnt=\count189
\MPscratchDim=\dimen142
\MPnumerator=\count190
\makeMPintoPDFobject=\count191
\everyMPtoPDFconversion=\toks17
) (c:/texlive/2020/texmf-dist/tex/latex/epstopdf-pkg/epstopdf-base.sty
Package: epstopdf-base 2020-01-24 v2.11 Base part for package epstopdf
Package epstopdf-base Info: Redefining graphics rule for `.eps' on input line 4
85.

(c:/texlive/2020/texmf-dist/tex/latex/latexconfig/epstopdf-sys.cfg
File: epstopdf-sys.cfg 2010/07/13 v1.3 Configuration of (r)epstopdf for TeX Liv
e
))
LaTeX Font Info:    External font `cmex10' loaded for size
(Font)              <12> on input line 11.
LaTeX Font Info:    External font `cmex10' loaded for size
(Font)              <8> on input line 11.
LaTeX Font Info:    External font `cmex10' loaded for size
(Font)              <6> on input line 11.
<../Figs///Q1/KochCurve1O1.png, id=1, 602.25pt x 401.5pt>
File: ../Figs///Q1/KochCurve1O1.png Graphic file (type png)
<use ../Figs///Q1/KochCurve1O1.png>
Package pdftex.def Info: ../Figs///Q1/KochCurve1O1.png  used on input line 33.
(pdftex.def)             Requested size: 90.33359pt x 60.2224pt.
<../Figs///Q1/KochCurve1O2.png, id=2, 602.25pt x 401.5pt>
File: ../Figs///Q1/KochCurve1O2.png Graphic file (type png)
<use ../Figs///Q1/KochCurve1O2.png>
Package pdftex.def Info: ../Figs///Q1/KochCurve1O2.png  used on input line 35.
(pdftex.def)             Requested size: 90.33359pt x 60.2224pt.
<../Figs///Q1/KochCurve1O5.png, id=3, 602.25pt x 401.5pt>
File: ../Figs///Q1/KochCurve1O5.png Graphic file (type png)
<use ../Figs///Q1/KochCurve1O5.png>
Package pdftex.def Info: ../Figs///Q1/KochCurve1O5.png  used on input line 37.
(pdftex.def)             Requested size: 90.33359pt x 60.2224pt.
<../Figs///Q1/KochCurve2O1.png, id=4, 602.25pt x 401.5pt>
File: ../Figs///Q1/KochCurve2O1.png Graphic file (type png)
<use ../Figs///Q1/KochCurve2O1.png>
Package pdftex.def Info: ../Figs///Q1/KochCurve2O1.png  used on input line 43.
(pdftex.def)             Requested size: 90.33359pt x 60.2224pt.
<../Figs///Q1/KochCurve2O2.png, id=5, 602.25pt x 401.5pt>
File: ../Figs///Q1/KochCurve2O2.png Graphic file (type png)
<use ../Figs///Q1/KochCurve2O2.png>
Package pdftex.def Info: ../Figs///Q1/KochCurve2O2.png  used on input line 45.
(pdftex.def)             Requested size: 90.33359pt x 60.2224pt.
<../Figs///Q1/KochCurve2O5.png, id=6, 602.25pt x 401.5pt>
File: ../Figs///Q1/KochCurve2O5.png Graphic file (type png)
<use ../Figs///Q1/KochCurve2O5.png>
Package pdftex.def Info: ../Figs///Q1/KochCurve2O5.png  used on input line 47.
(pdftex.def)             Requested size: 90.33359pt x 60.2224pt.
<../Figs///Q1/KochCurve3O1.png, id=7, 602.25pt x 401.5pt>
File: ../Figs///Q1/KochCurve3O1.png Graphic file (type png)
<use ../Figs///Q1/KochCurve3O1.png>
Package pdftex.def Info: ../Figs///Q1/KochCurve3O1.png  used on input line 49.
(pdftex.def)             Requested size: 90.33359pt x 60.2224pt.
<../Figs///Q1/KochCurve3O2.png, id=8, 602.25pt x 401.5pt>
File: ../Figs///Q1/KochCurve3O2.png Graphic file (type png)
<use ../Figs///Q1/KochCurve3O2.png>
Package pdftex.def Info: ../Figs///Q1/KochCurve3O2.png  used on input line 51.
(pdftex.def)             Requested size: 90.33359pt x 60.2224pt.
<../Figs///Q1/KochCurve3O5.png, id=9, 602.25pt x 401.5pt>
File: ../Figs///Q1/KochCurve3O5.png Graphic file (type png)
<use ../Figs///Q1/KochCurve3O5.png>
Package pdftex.def Info: ../Figs///Q1/KochCurve3O5.png  used on input line 53.
(pdftex.def)             Requested size: 90.33359pt x 60.2224pt.
<../Figs///Q1/KochCurve4O1.png, id=10, 602.25pt x 401.5pt>
File: ../Figs///Q1/KochCurve4O1.png Graphic file (type png)
<use ../Figs///Q1/KochCurve4O1.png>
Package pdftex.def Info: ../Figs///Q1/KochCurve4O1.png  used on input line 55.
(pdftex.def)             Requested size: 90.33359pt x 60.2224pt.
<../Figs///Q1/KochCurve4O2.png, id=11, 602.25pt x 401.5pt>
File: ../Figs///Q1/KochCurve4O2.png Graphic file (type png)
<use ../Figs///Q1/KochCurve4O2.png>
Package pdftex.def Info: ../Figs///Q1/KochCurve4O2.png  used on input line 57.
(pdftex.def)             Requested size: 90.33359pt x 60.2224pt.
<../Figs///Q1/KochCurve4O5.png, id=12, 602.25pt x 401.5pt>
File: ../Figs///Q1/KochCurve4O5.png Graphic file (type png)
<use ../Figs///Q1/KochCurve4O5.png>
Package pdftex.def Info: ../Figs///Q1/KochCurve4O5.png  used on input line 59.
(pdftex.def)             Requested size: 90.33359pt x 60.2224pt.
 [1

{c:/texlive/2020/texmf-var/fonts/map/pdftex/updmap/pdftex.map} <../Figs///Q1/Ko
chCurve1O1.png> <../Figs///Q1/KochCurve1O2.png> <../Figs///Q1/KochCurve1O5.png>
]
<../Figs///Q2/Heighway-dragon-O1.png, id=23, 602.25pt x 401.5pt>
File: ../Figs///Q2/Heighway-dragon-O1.png Graphic file (type png)
<use ../Figs///Q2/Heighway-dragon-O1.png>
Package pdftex.def Info: ../Figs///Q2/Heighway-dragon-O1.png  used on input lin
e 75.
(pdftex.def)             Requested size: 78.29524pt x 52.19682pt.
<../Figs///Q2/Heighway-dragon-O5.png, id=24, 602.25pt x 401.5pt>
File: ../Figs///Q2/Heighway-dragon-O5.png Graphic file (type png)
<use ../Figs///Q2/Heighway-dragon-O5.png>
Package pdftex.def Info: ../Figs///Q2/Heighway-dragon-O5.png  used on input lin
e 77.
(pdftex.def)             Requested size: 78.29524pt x 52.19682pt.
<../Figs///Q2/Heighway-dragon-O10.png, id=25, 602.25pt x 401.5pt>
File: ../Figs///Q2/Heighway-dragon-O10.png Graphic file (type png)
<use ../Figs///Q2/Heighway-dragon-O10.png>
Package pdftex.def Info: ../Figs///Q2/Heighway-dragon-O10.png  used on input li
ne 79.
(pdftex.def)             Requested size: 78.29524pt x 52.19682pt.
<../Figs///Q2/Heighway-dragon-O15.png, id=26, 602.25pt x 401.5pt>
File: ../Figs///Q2/Heighway-dragon-O15.png Graphic file (type png)
<use ../Figs///Q2/Heighway-dragon-O15.png>
Package pdftex.def Info: ../Figs///Q2/Heighway-dragon-O15.png  used on input li
ne 81.
(pdftex.def)             Requested size: 78.29524pt x 52.19682pt.
<../Figs///Q2/Lévy-C-curve-O1.png, id=27, 602.25pt x 401.5pt>
File: ../Figs///Q2/Lévy-C-curve-O1.png Graphic file (type png)
<use ../Figs///Q2/Lévy-C-curve-O1.png>
Package pdftex.def Info: ../Figs///Q2/Lévy-C-curve-O1.png  used on input line 
87.
(pdftex.def)             Requested size: 78.29524pt x 52.19682pt.
<../Figs///Q2/Lévy-C-curve-O5.png, id=28, 602.25pt x 401.5pt>
File: ../Figs///Q2/Lévy-C-curve-O5.png Graphic file (type png)
<use ../Figs///Q2/Lévy-C-curve-O5.png>
Package pdftex.def Info: ../Figs///Q2/Lévy-C-curve-O5.png  used on input line 
89.
(pdftex.def)             Requested size: 78.29524pt x 52.19682pt.
<../Figs///Q2/Lévy-C-curve-O10.png, id=29, 602.25pt x 401.5pt>
File: ../Figs///Q2/Lévy-C-curve-O10.png Graphic file (type png)
<use ../Figs///Q2/Lévy-C-curve-O10.png>
Package pdftex.def Info: ../Figs///Q2/Lévy-C-curve-O10.png  used on input line
 91.
(pdftex.def)             Requested size: 78.29524pt x 52.19682pt.
<../Figs///Q2/Lévy-C-curve-O15.png, id=30, 602.25pt x 401.5pt>
File: ../Figs///Q2/Lévy-C-curve-O15.png Graphic file (type png)
<use ../Figs///Q2/Lévy-C-curve-O15.png>
Package pdftex.def Info: ../Figs///Q2/Lévy-C-curve-O15.png  used on input line
 93.
(pdftex.def)             Requested size: 78.29524pt x 52.19682pt.

[2 <../Figs///Q1/KochCurve2O1.png> <../Figs///Q1/KochCurve2O2.png> <../Figs///Q
1/KochCurve2O5.png> <../Figs///Q1/KochCurve3O1.png> <../Figs///Q1/KochCurve3O2.
png> <../Figs///Q1/KochCurve3O5.png> <../Figs///Q1/KochCurve4O1.png> <../Figs//
/Q1/KochCurve4O2.png> <../Figs///Q1/KochCurve4O5.png> <../Figs///Q2/Heighway-dr
agon-O1.png> <../Figs///Q2/Heighway-dragon-O5.png> <../Figs///Q2/Heighway-drago
n-O10.png> <../Figs///Q2/Heighway-dragon-O15.png>]
<../Figs///Q3/SPT-O1.png, id=34, 3011.25pt x 2007.5pt>
File: ../Figs///Q3/SPT-O1.png Graphic file (type png)
<use ../Figs///Q3/SPT-O1.png>
Package pdftex.def Info: ../Figs///Q3/SPT-O1.png  used on input line 114.
(pdftex.def)             Requested size: 81.28186pt x 54.1879pt.
<../Figs///Q3/SPT-O3.png, id=35, 3011.25pt x 2007.5pt>
File: ../Figs///Q3/SPT-O3.png Graphic file (type png)
<use ../Figs///Q3/SPT-O3.png>
Package pdftex.def Info: ../Figs///Q3/SPT-O3.png  used on input line 116.
(pdftex.def)             Requested size: 81.28186pt x 54.1879pt.
<../Figs///Q3/SPT-O5.png, id=36, 3011.25pt x 2007.5pt>
File: ../Figs///Q3/SPT-O5.png Graphic file (type png)
<use ../Figs///Q3/SPT-O5.png>
Package pdftex.def Info: ../Figs///Q3/SPT-O5.png  used on input line 118.
(pdftex.def)             Requested size: 81.28186pt x 54.1879pt.
<../Figs///Q3/SPT-O7.png, id=37, 3011.25pt x 2007.5pt>
File: ../Figs///Q3/SPT-O7.png Graphic file (type png)
<use ../Figs///Q3/SPT-O7.png>
Package pdftex.def Info: ../Figs///Q3/SPT-O7.png  used on input line 120.
(pdftex.def)             Requested size: 81.28186pt x 54.1879pt.
LaTeX Font Info:    External font `cmex10' loaded for size
(Font)              <7> on input line 135.
LaTeX Font Info:    External font `cmex10' loaded for size
(Font)              <5> on input line 135.
<../Figs///Q4/RSPTp5num10000.png, id=38, 1204.5pt x 803.0pt>
File: ../Figs///Q4/RSPTp5num10000.png Graphic file (type png)
<use ../Figs///Q4/RSPTp5num10000.png>
Package pdftex.def Info: ../Figs///Q4/RSPTp5num10000.png  used on input line 14
3.
(pdftex.def)             Requested size: 120.45705pt x 80.3047pt.
<../Figs///Q4/RSPTp500num10000.png, id=39, 1204.5pt x 803.0pt>
File: ../Figs///Q4/RSPTp500num10000.png Graphic file (type png)
<use ../Figs///Q4/RSPTp500num10000.png>
Package pdftex.def Info: ../Figs///Q4/RSPTp500num10000.png  used on input line 
145.
(pdftex.def)             Requested size: 120.45705pt x 80.3047pt.
<../Figs///Q4/RSPTp5num100000.png, id=40, 1204.5pt x 803.0pt>
File: ../Figs///Q4/RSPTp5num100000.png Graphic file (type png)
<use ../Figs///Q4/RSPTp5num100000.png>
Package pdftex.def Info: ../Figs///Q4/RSPTp5num100000.png  used on input line 1
51.
(pdftex.def)             Requested size: 120.45705pt x 80.3047pt.
<../Figs///Q4/RSPTp500num100000.png, id=41, 1204.5pt x 803.0pt>
File: ../Figs///Q4/RSPTp500num100000.png Graphic file (type png)
<use ../Figs///Q4/RSPTp500num100000.png>
Package pdftex.def Info: ../Figs///Q4/RSPTp500num100000.png  used on input line
 153.
(pdftex.def)             Requested size: 120.45705pt x 80.3047pt.
 [3 <../Figs///Q2/Lévy-C-curve-O1.png> <../Figs///Q2/Lévy-C-curve-O5.png> <..
/Figs///Q2/Lévy-C-curve-O10.png> <../Figs///Q2/Lévy-C-curve-O15.png> <../Figs
///Q3/SPT-O1.png> <../Figs///Q3/SPT-O3.png> <../Figs///Q3/SPT-O5.png> <../Figs/
//Q3/SPT-O7.png>]
Overfull \hbox (1.61165pt too wide) in paragraph at lines 160--163
[]\OT1/cmr/m/n/10 There we want to sim-u-late the Sier-pin-ski tri-an-gle us-in
g the Khayyam-Pascal's
 []

<../Figs///Q5/SPTKP-O1.png, id=48, 1806.75pt x 1204.5pt>
File: ../Figs///Q5/SPTKP-O1.png Graphic file (type png)
<use ../Figs///Q5/SPTKP-O1.png>
Package pdftex.def Info: ../Figs///Q5/SPTKP-O1.png  used on input line 168.
(pdftex.def)             Requested size: 90.34279pt x 60.22852pt.
<../Figs///Q5/SPTKP-O2.png, id=49, 1806.75pt x 1204.5pt>
File: ../Figs///Q5/SPTKP-O2.png Graphic file (type png)
<use ../Figs///Q5/SPTKP-O2.png>
Package pdftex.def Info: ../Figs///Q5/SPTKP-O2.png  used on input line 170.
(pdftex.def)             Requested size: 90.34279pt x 60.22852pt.
<../Figs///Q5/SPTKP-O3.png, id=50, 1806.75pt x 1204.5pt>
File: ../Figs///Q5/SPTKP-O3.png Graphic file (type png)
<use ../Figs///Q5/SPTKP-O3.png>
Package pdftex.def Info: ../Figs///Q5/SPTKP-O3.png  used on input line 172.
(pdftex.def)             Requested size: 90.34279pt x 60.22852pt.
[4 <../Figs///Q4/RSPTp5num10000.png> <../Figs///Q4/RSPTp500num10000.png> <../Fi
gs///Q4/RSPTp5num100000.png> <../Figs///Q4/RSPTp500num100000.png> <../Figs///Q5
/SPTKP-O1.png> <../Figs///Q5/SPTKP-O2.png> <../Figs///Q5/SPTKP-O3.png>]
<../Figs///Q6/RandomBarnsleyFern-p10num10000.png, id=55, 1204.5pt x 803.0pt>
File: ../Figs///Q6/RandomBarnsleyFern-p10num10000.png Graphic file (type png)
<use ../Figs///Q6/RandomBarnsleyFern-p10num10000.png>
Package pdftex.def Info: ../Figs///Q6/RandomBarnsleyFern-p10num10000.png  used 
on input line 193.
(pdftex.def)             Requested size: 120.45705pt x 80.3047pt.
<../Figs///Q6/RandomBarnsleyFern-p100num10000.png, id=56, 1204.5pt x 803.0pt>
File: ../Figs///Q6/RandomBarnsleyFern-p100num10000.png Graphic file (type png)
<use ../Figs///Q6/RandomBarnsleyFern-p100num10000.png>
Package pdftex.def Info: ../Figs///Q6/RandomBarnsleyFern-p100num10000.png  used
 on input line 195.
(pdftex.def)             Requested size: 120.45705pt x 80.3047pt.
<../Figs///Q6/RandomBarnsleyFern-p10num1000000.png, id=57, 1204.5pt x 803.0pt>
File: ../Figs///Q6/RandomBarnsleyFern-p10num1000000.png Graphic file (type png)

<use ../Figs///Q6/RandomBarnsleyFern-p10num1000000.png>
Package pdftex.def Info: ../Figs///Q6/RandomBarnsleyFern-p10num1000000.png  use
d on input line 201.
(pdftex.def)             Requested size: 120.45705pt x 80.3047pt.
<../Figs///Q6/RandomBarnsleyFern-p100num1000000.png, id=58, 1204.5pt x 803.0pt>

File: ../Figs///Q6/RandomBarnsleyFern-p100num1000000.png Graphic file (type png
)
<use ../Figs///Q6/RandomBarnsleyFern-p100num1000000.png>
Package pdftex.def Info: ../Figs///Q6/RandomBarnsleyFern-p100num1000000.png  us
ed on input line 203.
(pdftex.def)             Requested size: 120.45705pt x 80.3047pt.

[5 <../Figs///Q6/RandomBarnsleyFern-p10num10000.png> <../Figs///Q6/RandomBarnsl
eyFern-p100num10000.png> <../Figs///Q6/RandomBarnsleyFern-p10num1000000.png> <.
./Figs///Q6/RandomBarnsleyFern-p100num1000000.png>] (./report.aux)

LaTeX Warning: Label(s) may have changed. Rerun to get cross-references right.

 ) 
Here is how much of TeX's memory you used:
 1567 strings out of 479302
 27729 string characters out of 5871204
 298801 words of memory out of 5000000
 18740 multiletter control sequences out of 15000+600000
 407378 words of font info for 40 fonts, out of 8000000 for 9000
 1141 hyphenation exceptions out of 8191
 68i,8n,74p,309b,227s stack positions out of 5000i,500n,10000p,200000b,80000s
<c:/texlive/2020/texmf-dist/fonts/type1/public/amsfonts/cm/cmbx10.pfb><c:/tex
live/2020/texmf-dist/fonts/type1/public/amsfonts/cm/cmbx12.pfb><c:/texlive/2020
/texmf-dist/fonts/type1/public/amsfonts/cm/cmex10.pfb><c:/texlive/2020/texmf-di
st/fonts/type1/public/amsfonts/cm/cmmi10.pfb><c:/texlive/2020/texmf-dist/fonts/
type1/public/amsfonts/cm/cmmi7.pfb><c:/texlive/2020/texmf-dist/fonts/type1/publ
ic/amsfonts/cm/cmr10.pfb><c:/texlive/2020/texmf-dist/fonts/type1/public/amsfont
s/cm/cmr12.pfb><c:/texlive/2020/texmf-dist/fonts/type1/public/amsfonts/cm/cmr17
.pfb><c:/texlive/2020/texmf-dist/fonts/type1/public/amsfonts/cm/cmr7.pfb><c:/te
xlive/2020/texmf-dist/fonts/type1/public/amsfonts/cm/cmsy10.pfb>
Output written on report.pdf (5 pages, 3170747 bytes).
PDF statistics:
 95 PDF objects out of 1000 (max. 8388607)
 42 compressed objects within 1 object stream
 0 named destinations out of 1000 (max. 500000)
 176 words of extra memory for PDF output out of 10000 (max. 10000000)

